<?xml version="1.0" encoding="UTF-8"?>
<testsuite name="DownloadingTest" tests="1" skipped="0" failures="0" errors="0" timestamp="2021-08-19T14:53:48" hostname="DESKTOP-RTIONTM" time="11.567">
  <properties/>
  <testcase name="DowloadTest()" classname="DownloadingTest" time="11.567"/>
  <system-out><![CDATA[]]></system-out>
  <system-err><![CDATA[SLF4J: Failed to load class "org.slf4j.impl.StaticLoggerBinder".
SLF4J: Defaulting to no-operation (NOP) logger implementation
SLF4J: See http://www.slf4j.org/codes.html#StaticLoggerBinder for further details.
Starting ChromeDriver 92.0.4515.107 (87a818b10553a07434ea9e2b6dccf3cbe7895134-refs/branch-heads/4515@{#1634}) on port 6024
Only local connections are allowed.
Please see https://chromedriver.chromium.org/security-considerations for suggestions on keeping ChromeDriver safe.
ChromeDriver was started successfully.
авг. 19, 2021 7:53:51 PM org.openqa.selenium.remote.ProtocolHandshake createSession
INFO: Detected dialect: W3C
]]></system-err>
</testsuite>
